{"C:\\Users\\Windows\\Desktop\\ASE\\SIIS\\src\\constants\\index.js": {"path":"C:\\Users\\Windows\\Desktop\\ASE\\SIIS\\src\\constants\\index.js","statementMap":{"0":{"start":{"line":2,"column":28},"end":{"line":2,"column":96}},"1":{"start":{"line":5,"column":22},"end":{"line":10,"column":1}},"2":{"start":{"line":13,"column":28},"end":{"line":16,"column":1}}},"fnMap":{},"branchMap":{"0":{"loc":{"start":{"line":2,"column":28},"end":{"line":2,"column":96}},"type":"binary-expr","locations":[{"start":{"line":2,"column":28},"end":{"line":2,"column":56}},{"start":{"line":2,"column":60},"end":{"line":2,"column":96}}],"line":2}},"s":{"0":2,"1":2,"2":2},"f":{},"b":{"0":[2,0]},"meta":{"lastBranch":1,"lastFunction":0,"lastStatement":3,"seen":{"s:2:28:2:96":0,"b:2:28:2:56:2:60:2:96":0,"s:5:22:10:1":1,"s:13:28:16:1":2}}}
,"C:\\Users\\Windows\\Desktop\\ASE\\SIIS\\src\\context\\AuthContext.jsx": {"path":"C:\\Users\\Windows\\Desktop\\ASE\\SIIS\\src\\context\\AuthContext.jsx","statementMap":{"0":{"start":{"line":6,"column":6},"end":{"line":6,"column":null}},"1":{"start":{"line":9,"column":22},"end":{"line":9,"column":null}},"2":{"start":{"line":10,"column":30},"end":{"line":10,"column":null}},"3":{"start":{"line":11,"column":36},"end":{"line":11,"column":null}},"4":{"start":{"line":13,"column":2},"end":{"line":28,"column":null}},"5":{"start":{"line":14,"column":10},"end":{"line":25,"column":null}},"6":{"start":{"line":15,"column":6},"end":{"line":23,"column":null}},"7":{"start":{"line":16,"column":8},"end":{"line":16,"column":null}},"8":{"start":{"line":18,"column":30},"end":{"line":18,"column":null}},"9":{"start":{"line":19,"column":8},"end":{"line":19,"column":null}},"10":{"start":{"line":21,"column":8},"end":{"line":21,"column":null}},"11":{"start":{"line":22,"column":8},"end":{"line":22,"column":null}},"12":{"start":{"line":24,"column":6},"end":{"line":24,"column":null}},"13":{"start":{"line":27,"column":4},"end":{"line":27,"column":null}},"14":{"start":{"line":27,"column":17},"end":{"line":27,"column":null}},"15":{"start":{"line":30,"column":16},"end":{"line":30,"column":null}},"16":{"start":{"line":30,"column":30},"end":{"line":30,"column":null}},"17":{"start":{"line":31,"column":17},"end":{"line":31,"column":null}},"18":{"start":{"line":33,"column":2},"end":{"line":36,"column":null}},"19":{"start":{"line":41,"column":8},"end":{"line":41,"column":null}},"20":{"start":{"line":42,"column":2},"end":{"line":42,"column":null}},"21":{"start":{"line":42,"column":12},"end":{"line":42,"column":null}},"22":{"start":{"line":43,"column":2},"end":{"line":43,"column":null}}},"fnMap":{"0":{"name":"AuthProvider","decl":{"start":{"line":8,"column":16},"end":{"line":8,"column":29}},"loc":{"start":{"line":8,"column":43},"end":{"line":38,"column":null}},"line":8},"1":{"name":"(anonymous_1)","decl":{"start":{"line":13,"column":12},"end":{"line":13,"column":18}},"loc":{"start":{"line":13,"column":18},"end":{"line":28,"column":5}},"line":13},"2":{"name":"(anonymous_2)","decl":{"start":{"line":14,"column":49},"end":{"line":14,"column":56}},"loc":{"start":{"line":14,"column":72},"end":{"line":25,"column":5}},"line":14},"3":{"name":"(anonymous_3)","decl":{"start":{"line":27,"column":11},"end":{"line":27,"column":17}},"loc":{"start":{"line":27,"column":17},"end":{"line":27,"column":null}},"line":27},"4":{"name":"(anonymous_4)","decl":{"start":{"line":30,"column":16},"end":{"line":30,"column":23}},"loc":{"start":{"line":30,"column":30},"end":{"line":30,"column":null}},"line":30},"5":{"name":"(anonymous_5)","decl":{"start":{"line":31,"column":17},"end":{"line":31,"column":29}},"loc":{"start":{"line":31,"column":17},"end":{"line":31,"column":null}},"line":31},"6":{"name":"useAuth","decl":{"start":{"line":40,"column":16},"end":{"line":40,"column":26}},"loc":{"start":{"line":40,"column":26},"end":{"line":44,"column":null}},"line":40}},"branchMap":{"0":{"loc":{"start":{"line":15,"column":6},"end":{"line":23,"column":null}},"type":"if","locations":[{"start":{"line":15,"column":6},"end":{"line":23,"column":null}},{"start":{"line":20,"column":13},"end":{"line":23,"column":null}}],"line":15},"1":{"loc":{"start":{"line":42,"column":2},"end":{"line":42,"column":null}},"type":"if","locations":[{"start":{"line":42,"column":2},"end":{"line":42,"column":null}},{"start":{},"end":{}}],"line":42}},"s":{"0":1,"1":4,"2":4,"3":4,"4":4,"5":2,"6":2,"7":1,"8":1,"9":1,"10":1,"11":1,"12":2,"13":2,"14":2,"15":4,"16":0,"17":0,"18":4,"19":4,"20":4,"21":0,"22":4},"f":{"0":4,"1":2,"2":2,"3":2,"4":0,"5":0,"6":4},"b":{"0":[1,1],"1":[0,4]},"meta":{"lastBranch":2,"lastFunction":7,"lastStatement":23,"seen":{"s:6:6:6:Infinity":0,"f:8:16:8:29":0,"s:9:22:9:Infinity":1,"s:10:30:10:Infinity":2,"s:11:36:11:Infinity":3,"s:13:2:28:Infinity":4,"f:13:12:13:18":1,"s:14:10:25:Infinity":5,"f:14:49:14:56":2,"b:15:6:23:Infinity:20:13:23:Infinity":0,"s:15:6:23:Infinity":6,"s:16:8:16:Infinity":7,"s:18:30:18:Infinity":8,"s:19:8:19:Infinity":9,"s:21:8:21:Infinity":10,"s:22:8:22:Infinity":11,"s:24:6:24:Infinity":12,"s:27:4:27:Infinity":13,"f:27:11:27:17":3,"s:27:17:27:Infinity":14,"s:30:16:30:Infinity":15,"f:30:16:30:23":4,"s:30:30:30:Infinity":16,"s:31:17:31:Infinity":17,"f:31:17:31:29":5,"s:33:2:36:Infinity":18,"f:40:16:40:26":6,"s:41:8:41:Infinity":19,"b:42:2:42:Infinity:undefined:undefined:undefined:undefined":1,"s:42:2:42:Infinity":20,"s:42:12:42:Infinity":21,"s:43:2:43:Infinity":22}}}
,"C:\\Users\\Windows\\Desktop\\ASE\\SIIS\\src\\hooks\\useChat.js": {"path":"C:\\Users\\Windows\\Desktop\\ASE\\SIIS\\src\\hooks\\useChat.js","statementMap":{"0":{"start":{"line":9,"column":33},"end":{"line":9,"column":46}},"1":{"start":{"line":10,"column":31},"end":{"line":10,"column":47}},"2":{"start":{"line":11,"column":27},"end":{"line":11,"column":42}},"3":{"start":{"line":12,"column":21},"end":{"line":19,"column":4}},"4":{"start":{"line":14,"column":18},"end":{"line":14,"column":55}},"5":{"start":{"line":15,"column":4},"end":{"line":15,"column":27}},"6":{"start":{"line":15,"column":15},"end":{"line":15,"column":27}},"7":{"start":{"line":16,"column":25},"end":{"line":16,"column":91}},"8":{"start":{"line":17,"column":4},"end":{"line":17,"column":55}},"9":{"start":{"line":18,"column":4},"end":{"line":18,"column":23}},"10":{"start":{"line":22,"column":1},"end":{"line":25,"column":8}},"11":{"start":{"line":23,"column":4},"end":{"line":24,"column":73}},"12":{"start":{"line":24,"column":20},"end":{"line":24,"column":72}},"13":{"start":{"line":30,"column":21},"end":{"line":70,"column":17}},"14":{"start":{"line":31,"column":4},"end":{"line":31,"column":30}},"15":{"start":{"line":31,"column":24},"end":{"line":31,"column":30}},"16":{"start":{"line":33,"column":4},"end":{"line":33,"column":18}},"17":{"start":{"line":34,"column":4},"end":{"line":34,"column":20}},"18":{"start":{"line":37,"column":24},"end":{"line":42,"column":5}},"19":{"start":{"line":43,"column":4},"end":{"line":43,"column":47}},"20":{"start":{"line":43,"column":24},"end":{"line":43,"column":46}},"21":{"start":{"line":45,"column":4},"end":{"line":69,"column":5}},"22":{"start":{"line":47,"column":23},"end":{"line":47,"column":71}},"23":{"start":{"line":50,"column":27},"end":{"line":55,"column":7}},"24":{"start":{"line":56,"column":6},"end":{"line":56,"column":50}},"25":{"start":{"line":56,"column":26},"end":{"line":56,"column":49}},"26":{"start":{"line":58,"column":6},"end":{"line":58,"column":59}},"27":{"start":{"line":60,"column":27},"end":{"line":65,"column":7}},"28":{"start":{"line":66,"column":6},"end":{"line":66,"column":50}},"29":{"start":{"line":66,"column":26},"end":{"line":66,"column":49}},"30":{"start":{"line":68,"column":6},"end":{"line":68,"column":23}},"31":{"start":{"line":75,"column":19},"end":{"line":83,"column":17}},"32":{"start":{"line":76,"column":4},"end":{"line":82,"column":5}},"33":{"start":{"line":77,"column":6},"end":{"line":77,"column":47}},"34":{"start":{"line":78,"column":6},"end":{"line":78,"column":21}},"35":{"start":{"line":79,"column":6},"end":{"line":79,"column":20}},"36":{"start":{"line":81,"column":6},"end":{"line":81,"column":60}},"37":{"start":{"line":88,"column":23},"end":{"line":91,"column":8}},"38":{"start":{"line":89,"column":4},"end":{"line":89,"column":19}},"39":{"start":{"line":90,"column":4},"end":{"line":90,"column":18}},"40":{"start":{"line":93,"column":2},"end":{"line":101,"column":3}}},"fnMap":{"0":{"name":"useChat","decl":{"start":{"line":8,"column":16},"end":{"line":8,"column":23}},"loc":{"start":{"line":8,"column":26},"end":{"line":102,"column":1}},"line":8},"1":{"name":"(anonymous_1)","decl":{"start":{"line":12,"column":31},"end":{"line":12,"column":32}},"loc":{"start":{"line":12,"column":37},"end":{"line":19,"column":3}},"line":12},"2":{"name":"(anonymous_2)","decl":{"start":{"line":22,"column":12},"end":{"line":22,"column":13}},"loc":{"start":{"line":22,"column":18},"end":{"line":25,"column":3}},"line":22},"3":{"name":"(anonymous_3)","decl":{"start":{"line":24,"column":13},"end":{"line":24,"column":16}},"loc":{"start":{"line":24,"column":20},"end":{"line":24,"column":72}},"line":24},"4":{"name":"(anonymous_4)","decl":{"start":{"line":30,"column":34},"end":{"line":30,"column":39}},"loc":{"start":{"line":30,"column":52},"end":{"line":70,"column":3}},"line":30},"5":{"name":"(anonymous_5)","decl":{"start":{"line":43,"column":16},"end":{"line":43,"column":20}},"loc":{"start":{"line":43,"column":24},"end":{"line":43,"column":46}},"line":43},"6":{"name":"(anonymous_6)","decl":{"start":{"line":56,"column":18},"end":{"line":56,"column":22}},"loc":{"start":{"line":56,"column":26},"end":{"line":56,"column":49}},"line":56},"7":{"name":"(anonymous_7)","decl":{"start":{"line":66,"column":18},"end":{"line":66,"column":22}},"loc":{"start":{"line":66,"column":26},"end":{"line":66,"column":49}},"line":66},"8":{"name":"(anonymous_8)","decl":{"start":{"line":75,"column":32},"end":{"line":75,"column":37}},"loc":{"start":{"line":75,"column":44},"end":{"line":83,"column":3}},"line":75},"9":{"name":"(anonymous_9)","decl":{"start":{"line":88,"column":36},"end":{"line":88,"column":37}},"loc":{"start":{"line":88,"column":42},"end":{"line":91,"column":3}},"line":88}},"branchMap":{"0":{"loc":{"start":{"line":15,"column":4},"end":{"line":15,"column":27}},"type":"if","locations":[{"start":{"line":15,"column":4},"end":{"line":15,"column":27}},{"start":{},"end":{}}],"line":15},"1":{"loc":{"start":{"line":31,"column":4},"end":{"line":31,"column":30}},"type":"if","locations":[{"start":{"line":31,"column":4},"end":{"line":31,"column":30}},{"start":{},"end":{}}],"line":31},"2":{"loc":{"start":{"line":58,"column":15},"end":{"line":58,"column":58}},"type":"binary-expr","locations":[{"start":{"line":58,"column":15},"end":{"line":58,"column":26}},{"start":{"line":58,"column":30},"end":{"line":58,"column":58}}],"line":58},"3":{"loc":{"start":{"line":81,"column":15},"end":{"line":81,"column":59}},"type":"binary-expr","locations":[{"start":{"line":81,"column":15},"end":{"line":81,"column":26}},{"start":{"line":81,"column":30},"end":{"line":81,"column":59}}],"line":81}},"s":{"0":7,"1":7,"2":7,"3":7,"4":4,"5":4,"6":0,"7":4,"8":4,"9":4,"10":7,"11":4,"12":0,"13":7,"14":2,"15":0,"16":2,"17":2,"18":2,"19":2,"20":2,"21":2,"22":2,"23":1,"24":1,"25":1,"26":1,"27":1,"28":1,"29":1,"30":2,"31":7,"32":1,"33":1,"34":1,"35":1,"36":0,"37":7,"38":0,"39":0,"40":7},"f":{"0":7,"1":4,"2":4,"3":0,"4":2,"5":2,"6":1,"7":1,"8":1,"9":0},"b":{"0":[0,4],"1":[0,2],"2":[1,0],"3":[0,0]},"meta":{"lastBranch":4,"lastFunction":10,"lastStatement":41,"seen":{"f:8:16:8:23":0,"s:9:33:9:46":0,"s:10:31:10:47":1,"s:11:27:11:42":2,"s:12:21:19:4":3,"f:12:31:12:32":1,"s:14:18:14:55":4,"b:15:4:15:27:undefined:undefined:undefined:undefined":0,"s:15:4:15:27":5,"s:15:15:15:27":6,"s:16:25:16:91":7,"s:17:4:17:55":8,"s:18:4:18:23":9,"s:22:1:25:8":10,"f:22:12:22:13":2,"s:23:4:24:73":11,"f:24:13:24:16":3,"s:24:20:24:72":12,"s:30:21:70:17":13,"f:30:34:30:39":4,"b:31:4:31:30:undefined:undefined:undefined:undefined":1,"s:31:4:31:30":14,"s:31:24:31:30":15,"s:33:4:33:18":16,"s:34:4:34:20":17,"s:37:24:42:5":18,"s:43:4:43:47":19,"f:43:16:43:20":5,"s:43:24:43:46":20,"s:45:4:69:5":21,"s:47:23:47:71":22,"s:50:27:55:7":23,"s:56:6:56:50":24,"f:56:18:56:22":6,"s:56:26:56:49":25,"s:58:6:58:59":26,"b:58:15:58:26:58:30:58:58":2,"s:60:27:65:7":27,"s:66:6:66:50":28,"f:66:18:66:22":7,"s:66:26:66:49":29,"s:68:6:68:23":30,"s:75:19:83:17":31,"f:75:32:75:37":8,"s:76:4:82:5":32,"s:77:6:77:47":33,"s:78:6:78:21":34,"s:79:6:79:20":35,"s:81:6:81:60":36,"b:81:15:81:26:81:30:81:59":3,"s:88:23:91:8":37,"f:88:36:88:37":9,"s:89:4:89:19":38,"s:90:4:90:18":39,"s:93:2:101:3":40}}}
,"C:\\Users\\Windows\\Desktop\\ASE\\SIIS\\src\\hooks\\useLocalStorage.js": {"path":"C:\\Users\\Windows\\Desktop\\ASE\\SIIS\\src\\hooks\\useLocalStorage.js","statementMap":{"0":{"start":{"line":9,"column":39},"end":{"line":16,"column":4}},"1":{"start":{"line":10,"column":4},"end":{"line":15,"column":5}},"2":{"start":{"line":11,"column":19},"end":{"line":11,"column":51}},"3":{"start":{"line":12,"column":6},"end":{"line":12,"column":51}},"4":{"start":{"line":14,"column":6},"end":{"line":14,"column":25}},"5":{"start":{"line":18,"column":1},"end":{"line":22,"column":24}},"6":{"start":{"line":19,"column":4},"end":{"line":21,"column":14}},"7":{"start":{"line":20,"column":6},"end":{"line":20,"column":67}},"8":{"start":{"line":24,"column":2},"end":{"line":24,"column":38}}},"fnMap":{"0":{"name":"useLocalStorage","decl":{"start":{"line":8,"column":16},"end":{"line":8,"column":31}},"loc":{"start":{"line":8,"column":51},"end":{"line":25,"column":1}},"line":8},"1":{"name":"(anonymous_1)","decl":{"start":{"line":9,"column":49},"end":{"line":9,"column":50}},"loc":{"start":{"line":9,"column":55},"end":{"line":16,"column":3}},"line":9},"2":{"name":"(anonymous_2)","decl":{"start":{"line":18,"column":12},"end":{"line":18,"column":13}},"loc":{"start":{"line":18,"column":18},"end":{"line":22,"column":3}},"line":18}},"branchMap":{"0":{"loc":{"start":{"line":12,"column":13},"end":{"line":12,"column":51}},"type":"cond-expr","locations":[{"start":{"line":12,"column":20},"end":{"line":12,"column":36}},{"start":{"line":12,"column":39},"end":{"line":12,"column":51}}],"line":12}},"s":{"0":4,"1":3,"2":3,"3":3,"4":1,"5":4,"6":4,"7":4,"8":4},"f":{"0":4,"1":3,"2":4},"b":{"0":[2,1]},"meta":{"lastBranch":1,"lastFunction":3,"lastStatement":9,"seen":{"f:8:16:8:31":0,"s:9:39:16:4":0,"f:9:49:9:50":1,"s:10:4:15:5":1,"s:11:19:11:51":2,"s:12:6:12:51":3,"b:12:20:12:36:12:39:12:51":0,"s:14:6:14:25":4,"s:18:1:22:24":5,"f:18:12:18:13":2,"s:19:4:21:14":6,"s:20:6:20:67":7,"s:24:2:24:38":8}}}
,"C:\\Users\\Windows\\Desktop\\ASE\\SIIS\\src\\hooks\\useNotifications.js": {"path":"C:\\Users\\Windows\\Desktop\\ASE\\SIIS\\src\\hooks\\useNotifications.js","statementMap":{"0":{"start":{"line":6,"column":43},"end":{"line":6,"column":56}},"1":{"start":{"line":7,"column":31},"end":{"line":7,"column":46}},"2":{"start":{"line":8,"column":27},"end":{"line":8,"column":40}},"3":{"start":{"line":10,"column":1},"end":{"line":43,"column":20}},"4":{"start":{"line":11,"column":4},"end":{"line":15,"column":5}},"5":{"start":{"line":12,"column":6},"end":{"line":12,"column":26}},"6":{"start":{"line":13,"column":6},"end":{"line":13,"column":23}},"7":{"start":{"line":14,"column":6},"end":{"line":14,"column":22}},"8":{"start":{"line":17,"column":4},"end":{"line":17,"column":20}},"9":{"start":{"line":18,"column":28},"end":{"line":18,"column":61}},"10":{"start":{"line":19,"column":30},"end":{"line":19,"column":92}},"11":{"start":{"line":21,"column":23},"end":{"line":40,"column":5}},"12":{"start":{"line":24,"column":22},"end":{"line":30,"column":12}},"13":{"start":{"line":25,"column":27},"end":{"line":25,"column":76}},"14":{"start":{"line":27,"column":26},"end":{"line":27,"column":82}},"15":{"start":{"line":28,"column":26},"end":{"line":28,"column":82}},"16":{"start":{"line":29,"column":12},"end":{"line":29,"column":32}},"17":{"start":{"line":32,"column":8},"end":{"line":32,"column":31}},"18":{"start":{"line":33,"column":8},"end":{"line":33,"column":20}},"19":{"start":{"line":34,"column":8},"end":{"line":34,"column":25}},"20":{"start":{"line":37,"column":8},"end":{"line":37,"column":60}},"21":{"start":{"line":38,"column":8},"end":{"line":38,"column":25}},"22":{"start":{"line":42,"column":4},"end":{"line":42,"column":30}},"23":{"start":{"line":42,"column":17},"end":{"line":42,"column":30}},"24":{"start":{"line":45,"column":2},"end":{"line":49,"column":3}}},"fnMap":{"0":{"name":"useNotifications","decl":{"start":{"line":5,"column":16},"end":{"line":5,"column":32}},"loc":{"start":{"line":5,"column":47},"end":{"line":50,"column":1}},"line":5},"1":{"name":"(anonymous_1)","decl":{"start":{"line":10,"column":12},"end":{"line":10,"column":13}},"loc":{"start":{"line":10,"column":18},"end":{"line":43,"column":3}},"line":10},"2":{"name":"(anonymous_2)","decl":{"start":{"line":23,"column":6},"end":{"line":23,"column":7}},"loc":{"start":{"line":23,"column":20},"end":{"line":35,"column":7}},"line":23},"3":{"name":"(anonymous_3)","decl":{"start":{"line":25,"column":15},"end":{"line":25,"column":22}},"loc":{"start":{"line":25,"column":27},"end":{"line":25,"column":76}},"line":25},"4":{"name":"(anonymous_4)","decl":{"start":{"line":26,"column":16},"end":{"line":26,"column":17}},"loc":{"start":{"line":26,"column":26},"end":{"line":30,"column":11}},"line":26},"5":{"name":"(anonymous_5)","decl":{"start":{"line":36,"column":6},"end":{"line":36,"column":7}},"loc":{"start":{"line":36,"column":12},"end":{"line":39,"column":7}},"line":36},"6":{"name":"(anonymous_6)","decl":{"start":{"line":42,"column":11},"end":{"line":42,"column":12}},"loc":{"start":{"line":42,"column":17},"end":{"line":42,"column":30}},"line":42}},"branchMap":{"0":{"loc":{"start":{"line":11,"column":4},"end":{"line":15,"column":5}},"type":"if","locations":[{"start":{"line":11,"column":4},"end":{"line":15,"column":5}},{"start":{},"end":{}}],"line":11},"1":{"loc":{"start":{"line":27,"column":26},"end":{"line":27,"column":82}},"type":"cond-expr","locations":[{"start":{"line":27,"column":48},"end":{"line":27,"column":78}},{"start":{"line":27,"column":81},"end":{"line":27,"column":82}}],"line":27},"2":{"loc":{"start":{"line":28,"column":26},"end":{"line":28,"column":82}},"type":"cond-expr","locations":[{"start":{"line":28,"column":48},"end":{"line":28,"column":78}},{"start":{"line":28,"column":81},"end":{"line":28,"column":82}}],"line":28}},"s":{"0":6,"1":6,"2":6,"3":6,"4":3,"5":1,"6":1,"7":1,"8":2,"9":2,"10":2,"11":2,"12":1,"13":2,"14":1,"15":1,"16":1,"17":1,"18":1,"19":1,"20":1,"21":1,"22":2,"23":2,"24":6},"f":{"0":6,"1":3,"2":1,"3":2,"4":1,"5":1,"6":2},"b":{"0":[1,2],"1":[1,0],"2":[1,0]},"meta":{"lastBranch":3,"lastFunction":7,"lastStatement":25,"seen":{"f:5:16:5:32":0,"s:6:43:6:56":0,"s:7:31:7:46":1,"s:8:27:8:40":2,"s:10:1:43:20":3,"f:10:12:10:13":1,"b:11:4:15:5:undefined:undefined:undefined:undefined":0,"s:11:4:15:5":4,"s:12:6:12:26":5,"s:13:6:13:23":6,"s:14:6:14:22":7,"s:17:4:17:20":8,"s:18:28:18:61":9,"s:19:30:19:92":10,"s:21:23:40:5":11,"f:23:6:23:7":2,"s:24:22:30:12":12,"f:25:15:25:22":3,"s:25:27:25:76":13,"f:26:16:26:17":4,"s:27:26:27:82":14,"b:27:48:27:78:27:81:27:82":1,"s:28:26:28:82":15,"b:28:48:28:78:28:81:28:82":2,"s:29:12:29:32":16,"s:32:8:32:31":17,"s:33:8:33:20":18,"s:34:8:34:25":19,"f:36:6:36:7":5,"s:37:8:37:60":20,"s:38:8:38:25":21,"s:42:4:42:30":22,"f:42:11:42:12":6,"s:42:17:42:30":23,"s:45:2:49:3":24}}}
,"C:\\Users\\Windows\\Desktop\\ASE\\SIIS\\src\\hooks\\useStudentCitas.js": {"path":"C:\\Users\\Windows\\Desktop\\ASE\\SIIS\\src\\hooks\\useStudentCitas.js","statementMap":{"0":{"start":{"line":15,"column":27},"end":{"line":15,"column":40}},"1":{"start":{"line":16,"column":31},"end":{"line":16,"column":46}},"2":{"start":{"line":17,"column":27},"end":{"line":17,"column":40}},"3":{"start":{"line":19,"column":1},"end":{"line":52,"column":20}},"4":{"start":{"line":20,"column":4},"end":{"line":24,"column":5}},"5":{"start":{"line":21,"column":6},"end":{"line":21,"column":18}},"6":{"start":{"line":22,"column":6},"end":{"line":22,"column":23}},"7":{"start":{"line":23,"column":6},"end":{"line":23,"column":22}},"8":{"start":{"line":26,"column":4},"end":{"line":26,"column":20}},"9":{"start":{"line":27,"column":20},"end":{"line":27,"column":44}},"10":{"start":{"line":28,"column":22},"end":{"line":28,"column":81}},"11":{"start":{"line":30,"column":23},"end":{"line":49,"column":5}},"12":{"start":{"line":33,"column":21},"end":{"line":39,"column":12}},"13":{"start":{"line":34,"column":27},"end":{"line":34,"column":68}},"14":{"start":{"line":36,"column":26},"end":{"line":36,"column":82}},"15":{"start":{"line":37,"column":26},"end":{"line":37,"column":82}},"16":{"start":{"line":38,"column":12},"end":{"line":38,"column":32}},"17":{"start":{"line":41,"column":8},"end":{"line":41,"column":22}},"18":{"start":{"line":42,"column":8},"end":{"line":42,"column":20}},"19":{"start":{"line":43,"column":8},"end":{"line":43,"column":25}},"20":{"start":{"line":46,"column":8},"end":{"line":46,"column":51}},"21":{"start":{"line":47,"column":8},"end":{"line":47,"column":25}},"22":{"start":{"line":51,"column":4},"end":{"line":51,"column":30}},"23":{"start":{"line":51,"column":17},"end":{"line":51,"column":30}},"24":{"start":{"line":54,"column":21},"end":{"line":71,"column":3}},"25":{"start":{"line":55,"column":19},"end":{"line":55,"column":49}},"26":{"start":{"line":57,"column":4},"end":{"line":60,"column":6}},"27":{"start":{"line":62,"column":4},"end":{"line":70,"column":6}},"28":{"start":{"line":73,"column":2},"end":{"line":78,"column":3}}},"fnMap":{"0":{"name":"useStudentCitas","decl":{"start":{"line":14,"column":16},"end":{"line":14,"column":31}},"loc":{"start":{"line":14,"column":46},"end":{"line":79,"column":1}},"line":14},"1":{"name":"(anonymous_1)","decl":{"start":{"line":19,"column":12},"end":{"line":19,"column":13}},"loc":{"start":{"line":19,"column":18},"end":{"line":52,"column":3}},"line":19},"2":{"name":"(anonymous_2)","decl":{"start":{"line":32,"column":6},"end":{"line":32,"column":7}},"loc":{"start":{"line":32,"column":20},"end":{"line":44,"column":7}},"line":32},"3":{"name":"(anonymous_3)","decl":{"start":{"line":34,"column":15},"end":{"line":34,"column":22}},"loc":{"start":{"line":34,"column":27},"end":{"line":34,"column":68}},"line":34},"4":{"name":"(anonymous_4)","decl":{"start":{"line":35,"column":16},"end":{"line":35,"column":17}},"loc":{"start":{"line":35,"column":26},"end":{"line":39,"column":11}},"line":35},"5":{"name":"(anonymous_5)","decl":{"start":{"line":45,"column":6},"end":{"line":45,"column":7}},"loc":{"start":{"line":45,"column":12},"end":{"line":48,"column":7}},"line":45},"6":{"name":"(anonymous_6)","decl":{"start":{"line":51,"column":11},"end":{"line":51,"column":12}},"loc":{"start":{"line":51,"column":17},"end":{"line":51,"column":30}},"line":51},"7":{"name":"(anonymous_7)","decl":{"start":{"line":54,"column":21},"end":{"line":54,"column":26}},"loc":{"start":{"line":54,"column":37},"end":{"line":71,"column":3}},"line":54}},"branchMap":{"0":{"loc":{"start":{"line":20,"column":4},"end":{"line":24,"column":5}},"type":"if","locations":[{"start":{"line":20,"column":4},"end":{"line":24,"column":5}},{"start":{},"end":{}}],"line":20},"1":{"loc":{"start":{"line":36,"column":26},"end":{"line":36,"column":82}},"type":"cond-expr","locations":[{"start":{"line":36,"column":48},"end":{"line":36,"column":78}},{"start":{"line":36,"column":81},"end":{"line":36,"column":82}}],"line":36},"2":{"loc":{"start":{"line":37,"column":26},"end":{"line":37,"column":82}},"type":"cond-expr","locations":[{"start":{"line":37,"column":48},"end":{"line":37,"column":78}},{"start":{"line":37,"column":81},"end":{"line":37,"column":82}}],"line":37}},"s":{"0":5,"1":5,"2":5,"3":5,"4":3,"5":0,"6":0,"7":0,"8":3,"9":3,"10":3,"11":3,"12":1,"13":2,"14":1,"15":1,"16":1,"17":1,"18":1,"19":1,"20":1,"21":1,"22":3,"23":3,"24":5,"25":1,"26":1,"27":1,"28":5},"f":{"0":5,"1":3,"2":1,"3":2,"4":1,"5":1,"6":3,"7":1},"b":{"0":[0,3],"1":[1,0],"2":[1,0]},"meta":{"lastBranch":3,"lastFunction":8,"lastStatement":29,"seen":{"f:14:16:14:31":0,"s:15:27:15:40":0,"s:16:31:16:46":1,"s:17:27:17:40":2,"s:19:1:52:20":3,"f:19:12:19:13":1,"b:20:4:24:5:undefined:undefined:undefined:undefined":0,"s:20:4:24:5":4,"s:21:6:21:18":5,"s:22:6:22:23":6,"s:23:6:23:22":7,"s:26:4:26:20":8,"s:27:20:27:44":9,"s:28:22:28:81":10,"s:30:23:49:5":11,"f:32:6:32:7":2,"s:33:21:39:12":12,"f:34:15:34:22":3,"s:34:27:34:68":13,"f:35:16:35:17":4,"s:36:26:36:82":14,"b:36:48:36:78:36:81:36:82":1,"s:37:26:37:82":15,"b:37:48:37:78:37:81:37:82":2,"s:38:12:38:32":16,"s:41:8:41:22":17,"s:42:8:42:20":18,"s:43:8:43:25":19,"f:45:6:45:7":5,"s:46:8:46:51":20,"s:47:8:47:25":21,"s:51:4:51:30":22,"f:51:11:51:12":6,"s:51:17:51:30":23,"s:54:21:71:3":24,"f:54:21:54:26":7,"s:55:19:55:49":25,"s:57:4:60:6":26,"s:62:4:70:6":27,"s:73:2:78:3":28}}}
,"C:\\Users\\Windows\\Desktop\\ASE\\SIIS\\src\\routes\\AppRouter.jsx": {"path":"C:\\Users\\Windows\\Desktop\\ASE\\SIIS\\src\\routes\\AppRouter.jsx","statementMap":{"0":{"start":{"line":10,"column":2},"end":{"line":21,"column":null}}},"fnMap":{"0":{"name":"AppRouter","decl":{"start":{"line":9,"column":24},"end":{"line":9,"column":36}},"loc":{"start":{"line":9,"column":36},"end":{"line":23,"column":null}},"line":9}},"branchMap":{},"s":{"0":3},"f":{"0":3},"b":{},"meta":{"lastBranch":0,"lastFunction":1,"lastStatement":1,"seen":{"f:9:24:9:36":0,"s:10:2:21:Infinity":0}}}
,"C:\\Users\\Windows\\Desktop\\ASE\\SIIS\\src\\services\\chatService.js": {"path":"C:\\Users\\Windows\\Desktop\\ASE\\SIIS\\src\\services\\chatService.js","statementMap":{"0":{"start":{"line":7,"column":26},"end":{"line":7,"column":99}},"1":{"start":{"line":10,"column":18},"end":{"line":13,"column":3}},"2":{"start":{"line":15,"column":19},"end":{"line":18,"column":4}},"3":{"start":{"line":20,"column":2},"end":{"line":23,"column":3}},"4":{"start":{"line":21,"column":18},"end":{"line":21,"column":57}},"5":{"start":{"line":21,"column":53},"end":{"line":21,"column":55}},"6":{"start":{"line":22,"column":4},"end":{"line":22,"column":90}},"7":{"start":{"line":25,"column":2},"end":{"line":25,"column":24}},"8":{"start":{"line":35,"column":2},"end":{"line":41,"column":4}},"9":{"start":{"line":49,"column":2},"end":{"line":49,"column":27}},"10":{"start":{"line":58,"column":2},"end":{"line":60,"column":4}},"11":{"start":{"line":63,"column":27},"end":{"line":67,"column":1}}},"fnMap":{"0":{"name":"request","decl":{"start":{"line":9,"column":15},"end":{"line":9,"column":22}},"loc":{"start":{"line":9,"column":47},"end":{"line":26,"column":1}},"line":9},"1":{"name":"(anonymous_1)","decl":{"start":{"line":21,"column":46},"end":{"line":21,"column":47}},"loc":{"start":{"line":21,"column":53},"end":{"line":21,"column":55}},"line":21},"2":{"name":"sendMessage","decl":{"start":{"line":34,"column":22},"end":{"line":34,"column":33}},"loc":{"start":{"line":34,"column":65},"end":{"line":42,"column":1}},"line":34},"3":{"name":"checkHealth","decl":{"start":{"line":48,"column":22},"end":{"line":48,"column":33}},"loc":{"start":{"line":48,"column":36},"end":{"line":50,"column":1}},"line":48},"4":{"name":"resetSession","decl":{"start":{"line":57,"column":22},"end":{"line":57,"column":34}},"loc":{"start":{"line":57,"column":58},"end":{"line":61,"column":1}},"line":57}},"branchMap":{"0":{"loc":{"start":{"line":7,"column":26},"end":{"line":7,"column":99}},"type":"binary-expr","locations":[{"start":{"line":7,"column":26},"end":{"line":7,"column":59}},{"start":{"line":7,"column":63},"end":{"line":7,"column":99}}],"line":7},"1":{"loc":{"start":{"line":9,"column":33},"end":{"line":9,"column":45}},"type":"default-arg","locations":[{"start":{"line":9,"column":43},"end":{"line":9,"column":45}}],"line":9},"2":{"loc":{"start":{"line":20,"column":2},"end":{"line":23,"column":3}},"type":"if","locations":[{"start":{"line":20,"column":2},"end":{"line":23,"column":3}},{"start":{},"end":{}}],"line":20},"3":{"loc":{"start":{"line":22,"column":20},"end":{"line":22,"column":89}},"type":"binary-expr","locations":[{"start":{"line":22,"column":20},"end":{"line":22,"column":42}},{"start":{"line":22,"column":46},"end":{"line":22,"column":59}},{"start":{"line":22,"column":63},"end":{"line":22,"column":89}}],"line":22},"4":{"loc":{"start":{"line":34,"column":42},"end":{"line":34,"column":63}},"type":"default-arg","locations":[{"start":{"line":34,"column":54},"end":{"line":34,"column":63}}],"line":34},"5":{"loc":{"start":{"line":57,"column":35},"end":{"line":57,"column":56}},"type":"default-arg","locations":[{"start":{"line":57,"column":47},"end":{"line":57,"column":56}}],"line":57}},"s":{"0":1,"1":3,"2":3,"3":3,"4":1,"5":0,"6":1,"7":2,"8":2,"9":0,"10":1,"11":1},"f":{"0":3,"1":0,"2":2,"3":0,"4":1},"b":{"0":[1,1],"1":[3],"2":[1,2],"3":[1,0,0],"4":[2],"5":[1]},"meta":{"lastBranch":6,"lastFunction":5,"lastStatement":12,"seen":{"s:7:26:7:99":0,"b:7:26:7:59:7:63:7:99":0,"f:9:15:9:22":0,"b:9:43:9:45":1,"s:10:18:13:3":1,"s:15:19:18:4":2,"b:20:2:23:3:undefined:undefined:undefined:undefined":2,"s:20:2:23:3":3,"s:21:18:21:57":4,"f:21:46:21:47":1,"s:21:53:21:55":5,"s:22:4:22:90":6,"b:22:20:22:42:22:46:22:59:22:63:22:89":3,"s:25:2:25:24":7,"f:34:22:34:33":2,"b:34:54:34:63":4,"s:35:2:41:4":8,"f:48:22:48:33":3,"s:49:2:49:27":9,"f:57:22:57:34":4,"b:57:47:57:56":5,"s:58:2:60:4":10,"s:63:27:67:1":11}}}
,"C:\\Users\\Windows\\Desktop\\ASE\\SIIS\\src\\services\\http.js": {"path":"C:\\Users\\Windows\\Desktop\\ASE\\SIIS\\src\\services\\http.js","statementMap":{"0":{"start":{"line":6,"column":23},"end":{"line":8,"column":1}},"1":{"start":{"line":11,"column":16},"end":{"line":11,"column":45}},"2":{"start":{"line":12,"column":18},"end":{"line":16,"column":3}},"3":{"start":{"line":18,"column":19},"end":{"line":18,"column":85}},"4":{"start":{"line":20,"column":2},"end":{"line":23,"column":3}},"5":{"start":{"line":21,"column":18},"end":{"line":21,"column":57}},"6":{"start":{"line":21,"column":53},"end":{"line":21,"column":55}},"7":{"start":{"line":22,"column":4},"end":{"line":22,"column":64}},"8":{"start":{"line":25,"column":2},"end":{"line":25,"column":24}},"9":{"start":{"line":28,"column":20},"end":{"line":34,"column":1}},"10":{"start":{"line":29,"column":16},"end":{"line":29,"column":28}},"11":{"start":{"line":30,"column":23},"end":{"line":30,"column":83}},"12":{"start":{"line":31,"column":22},"end":{"line":31,"column":81}},"13":{"start":{"line":32,"column":24},"end":{"line":32,"column":85}},"14":{"start":{"line":33,"column":19},"end":{"line":33,"column":53}}},"fnMap":{"0":{"name":"request","decl":{"start":{"line":10,"column":15},"end":{"line":10,"column":22}},"loc":{"start":{"line":10,"column":47},"end":{"line":26,"column":1}},"line":10},"1":{"name":"(anonymous_1)","decl":{"start":{"line":21,"column":46},"end":{"line":21,"column":47}},"loc":{"start":{"line":21,"column":53},"end":{"line":21,"column":55}},"line":21},"2":{"name":"(anonymous_2)","decl":{"start":{"line":29,"column":7},"end":{"line":29,"column":8}},"loc":{"start":{"line":29,"column":16},"end":{"line":29,"column":28}},"line":29},"3":{"name":"(anonymous_3)","decl":{"start":{"line":30,"column":8},"end":{"line":30,"column":9}},"loc":{"start":{"line":30,"column":23},"end":{"line":30,"column":83}},"line":30},"4":{"name":"(anonymous_4)","decl":{"start":{"line":31,"column":7},"end":{"line":31,"column":8}},"loc":{"start":{"line":31,"column":22},"end":{"line":31,"column":81}},"line":31},"5":{"name":"(anonymous_5)","decl":{"start":{"line":32,"column":9},"end":{"line":32,"column":10}},"loc":{"start":{"line":32,"column":24},"end":{"line":32,"column":85}},"line":32},"6":{"name":"(anonymous_6)","decl":{"start":{"line":33,"column":10},"end":{"line":33,"column":11}},"loc":{"start":{"line":33,"column":19},"end":{"line":33,"column":53}},"line":33}},"branchMap":{"0":{"loc":{"start":{"line":10,"column":33},"end":{"line":10,"column":45}},"type":"default-arg","locations":[{"start":{"line":10,"column":43},"end":{"line":10,"column":45}}],"line":10},"1":{"loc":{"start":{"line":14,"column":8},"end":{"line":14,"column":57}},"type":"cond-expr","locations":[{"start":{"line":14,"column":16},"end":{"line":14,"column":52}},{"start":{"line":14,"column":55},"end":{"line":14,"column":57}}],"line":14},"2":{"loc":{"start":{"line":20,"column":2},"end":{"line":23,"column":3}},"type":"if","locations":[{"start":{"line":20,"column":2},"end":{"line":23,"column":3}},{"start":{},"end":{}}],"line":20},"3":{"loc":{"start":{"line":22,"column":20},"end":{"line":22,"column":63}},"type":"binary-expr","locations":[{"start":{"line":22,"column":20},"end":{"line":22,"column":33}},{"start":{"line":22,"column":37},"end":{"line":22,"column":63}}],"line":22}},"s":{"0":1,"1":3,"2":3,"3":3,"4":3,"5":2,"6":1,"7":2,"8":1,"9":1,"10":3,"11":0,"12":0,"13":0,"14":0},"f":{"0":3,"1":1,"2":3,"3":0,"4":0,"5":0,"6":0},"b":{"0":[3],"1":[1,2],"2":[2,1],"3":[2,1]},"meta":{"lastBranch":4,"lastFunction":7,"lastStatement":15,"seen":{"s:6:23:8:1":0,"f:10:15:10:22":0,"b:10:43:10:45":0,"s:11:16:11:45":1,"s:12:18:16:3":2,"b:14:16:14:52:14:55:14:57":1,"s:18:19:18:85":3,"b:20:2:23:3:undefined:undefined:undefined:undefined":2,"s:20:2:23:3":4,"s:21:18:21:57":5,"f:21:46:21:47":1,"s:21:53:21:55":6,"s:22:4:22:64":7,"b:22:20:22:33:22:37:22:63":3,"s:25:2:25:24":8,"s:28:20:34:1":9,"f:29:7:29:8":2,"s:29:16:29:28":10,"f:30:8:30:9":3,"s:30:23:30:83":11,"f:31:7:31:8":4,"s:31:22:31:81":12,"f:32:9:32:10":5,"s:32:24:32:85":13,"f:33:10:33:11":6,"s:33:19:33:53":14}}}
,"C:\\Users\\Windows\\Desktop\\ASE\\SIIS\\src\\utils\\helpers.js": {"path":"C:\\Users\\Windows\\Desktop\\ASE\\SIIS\\src\\utils\\helpers.js","statementMap":{"0":{"start":{"line":7,"column":2},"end":{"line":7,"column":118}},"1":{"start":{"line":15,"column":2},"end":{"line":15,"column":65}},"2":{"start":{"line":24,"column":2},"end":{"line":24,"column":58}},"3":{"start":{"line":31,"column":2},"end":{"line":31,"column":47}}},"fnMap":{"0":{"name":"formatDate","decl":{"start":{"line":6,"column":16},"end":{"line":6,"column":26}},"loc":{"start":{"line":6,"column":51},"end":{"line":8,"column":1}},"line":6},"1":{"name":"capitalize","decl":{"start":{"line":14,"column":16},"end":{"line":14,"column":26}},"loc":{"start":{"line":14,"column":37},"end":{"line":16,"column":1}},"line":14},"2":{"name":"truncate","decl":{"start":{"line":23,"column":16},"end":{"line":23,"column":24}},"loc":{"start":{"line":23,"column":44},"end":{"line":25,"column":1}},"line":23},"3":{"name":"uniqueId","decl":{"start":{"line":30,"column":16},"end":{"line":30,"column":24}},"loc":{"start":{"line":30,"column":27},"end":{"line":32,"column":1}},"line":30}},"branchMap":{"0":{"loc":{"start":{"line":6,"column":33},"end":{"line":6,"column":49}},"type":"default-arg","locations":[{"start":{"line":6,"column":42},"end":{"line":6,"column":49}}],"line":6},"1":{"loc":{"start":{"line":14,"column":27},"end":{"line":14,"column":35}},"type":"default-arg","locations":[{"start":{"line":14,"column":33},"end":{"line":14,"column":35}}],"line":14},"2":{"loc":{"start":{"line":23,"column":25},"end":{"line":23,"column":34}},"type":"default-arg","locations":[{"start":{"line":23,"column":32},"end":{"line":23,"column":34}}],"line":23},"3":{"loc":{"start":{"line":23,"column":36},"end":{"line":23,"column":42}},"type":"default-arg","locations":[{"start":{"line":23,"column":40},"end":{"line":23,"column":42}}],"line":23},"4":{"loc":{"start":{"line":24,"column":9},"end":{"line":24,"column":58}},"type":"cond-expr","locations":[{"start":{"line":24,"column":27},"end":{"line":24,"column":51}},{"start":{"line":24,"column":54},"end":{"line":24,"column":58}}],"line":24}},"s":{"0":1,"1":2,"2":2,"3":1},"f":{"0":1,"1":2,"2":2,"3":1},"b":{"0":[1],"1":[2],"2":[2],"3":[2],"4":[1,1]},"meta":{"lastBranch":5,"lastFunction":4,"lastStatement":4,"seen":{"f:6:16:6:26":0,"b:6:42:6:49":0,"s:7:2:7:118":0,"f:14:16:14:26":1,"b:14:33:14:35":1,"s:15:2:15:65":1,"f:23:16:23:24":2,"b:23:32:23:34":2,"b:23:40:23:42":3,"s:24:2:24:58":2,"b:24:27:24:51:24:54:24:58":4,"f:30:16:30:24":3,"s:31:2:31:47":3}}}
}
